  main.cpp
c:\users\zaina\desktop\2nd time\polygons with glut\polygons with glut\main.cpp(16): warning C4305: 'argument': truncation from 'double' to 'GLfloat'
c:\users\zaina\desktop\2nd time\polygons with glut\polygons with glut\main.cpp(17): warning C4305: 'argument': truncation from 'double' to 'GLfloat'
c:\users\zaina\desktop\2nd time\polygons with glut\polygons with glut\main.cpp(18): warning C4305: 'argument': truncation from 'double' to 'GLfloat'
c:\users\zaina\desktop\2nd time\polygons with glut\polygons with glut\main.cpp(23): warning C4305: 'argument': truncation from 'double' to 'GLfloat'
c:\users\zaina\desktop\2nd time\polygons with glut\polygons with glut\main.cpp(24): warning C4305: 'argument': truncation from 'double' to 'GLfloat'
c:\users\zaina\desktop\2nd time\polygons with glut\polygons with glut\main.cpp(25): warning C4305: 'argument': truncation from 'double' to 'GLfloat'
c:\users\zaina\desktop\2nd time\polygons with glut\polygons with glut\main.cpp(26): warning C4305: 'argument': truncation from 'double' to 'GLfloat'
c:\users\zaina\desktop\2nd time\polygons with glut\polygons with glut\main.cpp(27): warning C4305: 'argument': truncation from 'double' to 'GLfloat'
c:\users\zaina\desktop\2nd time\polygons with glut\polygons with glut\main.cpp(28): warning C4305: 'argument': truncation from 'double' to 'GLfloat'
c:\users\zaina\desktop\2nd time\polygons with glut\polygons with glut\main.cpp(36): warning C4305: 'argument': truncation from 'double' to 'GLfloat'
c:\users\zaina\desktop\2nd time\polygons with glut\polygons with glut\main.cpp(37): warning C4305: 'argument': truncation from 'double' to 'GLfloat'
c:\users\zaina\desktop\2nd time\polygons with glut\polygons with glut\main.cpp(38): warning C4305: 'argument': truncation from 'double' to 'GLfloat'
c:\users\zaina\desktop\2nd time\polygons with glut\polygons with glut\main.cpp(39): warning C4305: 'argument': truncation from 'double' to 'GLfloat'
c:\users\zaina\desktop\2nd time\polygons with glut\polygons with glut\main.cpp(40): warning C4305: 'argument': truncation from 'double' to 'GLfloat'
c:\users\zaina\desktop\2nd time\polygons with glut\polygons with glut\main.cpp(45): warning C4305: 'argument': truncation from 'double' to 'GLfloat'
c:\users\zaina\desktop\2nd time\polygons with glut\polygons with glut\main.cpp(46): warning C4305: 'argument': truncation from 'double' to 'GLfloat'
c:\users\zaina\desktop\2nd time\polygons with glut\polygons with glut\main.cpp(47): warning C4305: 'argument': truncation from 'double' to 'GLfloat'
c:\users\zaina\desktop\2nd time\polygons with glut\polygons with glut\main.cpp(48): warning C4305: 'argument': truncation from 'double' to 'GLfloat'
c:\users\zaina\desktop\2nd time\polygons with glut\polygons with glut\main.cpp(49): warning C4305: 'argument': truncation from 'double' to 'GLfloat'
c:\users\zaina\desktop\2nd time\polygons with glut\polygons with glut\main.cpp(50): warning C4305: 'argument': truncation from 'double' to 'GLfloat'
c:\users\zaina\desktop\2nd time\polygons with glut\polygons with glut\main.cpp(51): warning C4305: 'argument': truncation from 'double' to 'GLfloat'
c:\users\zaina\desktop\2nd time\polygons with glut\polygons with glut\main.cpp(52): warning C4305: 'argument': truncation from 'double' to 'GLfloat'
c:\users\zaina\desktop\2nd time\polygons with glut\polygons with glut\main.cpp(60): warning C4305: 'argument': truncation from 'double' to 'GLfloat'
c:\users\zaina\desktop\2nd time\polygons with glut\polygons with glut\main.cpp(61): warning C4305: 'argument': truncation from 'double' to 'GLfloat'
c:\users\zaina\desktop\2nd time\polygons with glut\polygons with glut\main.cpp(62): warning C4305: 'argument': truncation from 'double' to 'GLfloat'
c:\users\zaina\desktop\2nd time\polygons with glut\polygons with glut\main.cpp(63): warning C4305: 'argument': truncation from 'double' to 'GLfloat'
c:\users\zaina\desktop\2nd time\polygons with glut\polygons with glut\main.cpp(64): warning C4305: 'argument': truncation from 'double' to 'GLfloat'
c:\users\zaina\desktop\2nd time\polygons with glut\polygons with glut\main.cpp(65): warning C4305: 'argument': truncation from 'double' to 'GLfloat'
c:\users\zaina\desktop\2nd time\polygons with glut\polygons with glut\main.cpp(70): warning C4305: 'argument': truncation from 'double' to 'GLfloat'
c:\users\zaina\desktop\2nd time\polygons with glut\polygons with glut\main.cpp(71): warning C4305: 'argument': truncation from 'double' to 'GLfloat'
c:\users\zaina\desktop\2nd time\polygons with glut\polygons with glut\main.cpp(72): warning C4305: 'argument': truncation from 'double' to 'GLfloat'
c:\users\zaina\desktop\2nd time\polygons with glut\polygons with glut\main.cpp(73): warning C4305: 'argument': truncation from 'double' to 'GLfloat'
c:\users\zaina\desktop\2nd time\polygons with glut\polygons with glut\main.cpp(74): warning C4305: 'argument': truncation from 'double' to 'GLfloat'
c:\users\zaina\desktop\2nd time\polygons with glut\polygons with glut\main.cpp(75): warning C4305: 'argument': truncation from 'double' to 'GLfloat'
c:\users\zaina\desktop\2nd time\polygons with glut\polygons with glut\main.cpp(76): warning C4305: 'argument': truncation from 'double' to 'GLfloat'
c:\users\zaina\desktop\2nd time\polygons with glut\polygons with glut\main.cpp(77): warning C4305: 'argument': truncation from 'double' to 'GLfloat'
c:\users\zaina\desktop\2nd time\polygons with glut\polygons with glut\main.cpp(78): warning C4305: 'argument': truncation from 'double' to 'GLfloat'
c:\users\zaina\desktop\2nd time\polygons with glut\polygons with glut\main.cpp(79): warning C4305: 'argument': truncation from 'double' to 'GLfloat'
c:\users\zaina\desktop\2nd time\polygons with glut\polygons with glut\main.cpp(86): warning C4305: 'argument': truncation from 'double' to 'GLfloat'
c:\users\zaina\desktop\2nd time\polygons with glut\polygons with glut\main.cpp(87): warning C4305: 'argument': truncation from 'double' to 'GLfloat'
c:\users\zaina\desktop\2nd time\polygons with glut\polygons with glut\main.cpp(88): warning C4305: 'argument': truncation from 'double' to 'GLfloat'
c:\users\zaina\desktop\2nd time\polygons with glut\polygons with glut\main.cpp(89): warning C4305: 'argument': truncation from 'double' to 'GLfloat'
c:\users\zaina\desktop\2nd time\polygons with glut\polygons with glut\main.cpp(90): warning C4305: 'argument': truncation from 'double' to 'GLfloat'
c:\users\zaina\desktop\2nd time\polygons with glut\polygons with glut\main.cpp(91): warning C4305: 'argument': truncation from 'double' to 'GLfloat'
c:\users\zaina\desktop\2nd time\polygons with glut\polygons with glut\main.cpp(92): warning C4305: 'argument': truncation from 'double' to 'GLfloat'
c:\users\zaina\desktop\2nd time\polygons with glut\polygons with glut\main.cpp(97): warning C4305: 'argument': truncation from 'double' to 'GLfloat'
c:\users\zaina\desktop\2nd time\polygons with glut\polygons with glut\main.cpp(98): warning C4305: 'argument': truncation from 'double' to 'GLfloat'
c:\users\zaina\desktop\2nd time\polygons with glut\polygons with glut\main.cpp(99): warning C4305: 'argument': truncation from 'double' to 'GLfloat'
c:\users\zaina\desktop\2nd time\polygons with glut\polygons with glut\main.cpp(100): warning C4305: 'argument': truncation from 'double' to 'GLfloat'
c:\users\zaina\desktop\2nd time\polygons with glut\polygons with glut\main.cpp(101): warning C4305: 'argument': truncation from 'double' to 'GLfloat'
c:\users\zaina\desktop\2nd time\polygons with glut\polygons with glut\main.cpp(102): warning C4305: 'argument': truncation from 'double' to 'GLfloat'
c:\users\zaina\desktop\2nd time\polygons with glut\polygons with glut\main.cpp(103): warning C4305: 'argument': truncation from 'double' to 'GLfloat'
c:\users\zaina\desktop\2nd time\polygons with glut\polygons with glut\main.cpp(104): warning C4305: 'argument': truncation from 'double' to 'GLfloat'
c:\users\zaina\desktop\2nd time\polygons with glut\polygons with glut\main.cpp(105): warning C4305: 'argument': truncation from 'double' to 'GLfloat'
c:\users\zaina\desktop\2nd time\polygons with glut\polygons with glut\main.cpp(106): warning C4305: 'argument': truncation from 'double' to 'GLfloat'
c:\users\zaina\desktop\2nd time\polygons with glut\polygons with glut\main.cpp(107): warning C4305: 'argument': truncation from 'double' to 'GLfloat'
c:\users\zaina\desktop\2nd time\polygons with glut\polygons with glut\main.cpp(108): warning C4305: 'argument': truncation from 'double' to 'GLfloat'
c:\users\zaina\desktop\2nd time\polygons with glut\polygons with glut\main.cpp(114): warning C4305: 'argument': truncation from 'int' to 'GLubyte'
c:\users\zaina\desktop\2nd time\polygons with glut\polygons with glut\main.cpp(114): warning C4309: 'argument': truncation of constant value
c:\users\zaina\desktop\2nd time\polygons with glut\polygons with glut\main.cpp(115): warning C4305: 'argument': truncation from 'double' to 'GLfloat'
c:\users\zaina\desktop\2nd time\polygons with glut\polygons with glut\main.cpp(116): warning C4305: 'argument': truncation from 'double' to 'GLfloat'
c:\users\zaina\desktop\2nd time\polygons with glut\polygons with glut\main.cpp(117): warning C4305: 'argument': truncation from 'double' to 'GLfloat'
c:\users\zaina\desktop\2nd time\polygons with glut\polygons with glut\main.cpp(118): warning C4305: 'argument': truncation from 'double' to 'GLfloat'
c:\users\zaina\desktop\2nd time\polygons with glut\polygons with glut\main.cpp(119): warning C4305: 'argument': truncation from 'double' to 'GLfloat'
c:\users\zaina\desktop\2nd time\polygons with glut\polygons with glut\main.cpp(120): warning C4305: 'argument': truncation from 'double' to 'GLfloat'
c:\users\zaina\desktop\2nd time\polygons with glut\polygons with glut\main.cpp(121): warning C4305: 'argument': truncation from 'double' to 'GLfloat'
c:\users\zaina\desktop\2nd time\polygons with glut\polygons with glut\main.cpp(122): warning C4305: 'argument': truncation from 'double' to 'GLfloat'
c:\users\zaina\desktop\2nd time\polygons with glut\polygons with glut\main.cpp(126): warning C4305: 'argument': truncation from 'int' to 'GLubyte'
c:\users\zaina\desktop\2nd time\polygons with glut\polygons with glut\main.cpp(126): warning C4309: 'argument': truncation of constant value
c:\users\zaina\desktop\2nd time\polygons with glut\polygons with glut\main.cpp(127): warning C4305: 'argument': truncation from 'double' to 'GLfloat'
c:\users\zaina\desktop\2nd time\polygons with glut\polygons with glut\main.cpp(128): warning C4305: 'argument': truncation from 'double' to 'GLfloat'
c:\users\zaina\desktop\2nd time\polygons with glut\polygons with glut\main.cpp(129): warning C4305: 'argument': truncation from 'double' to 'GLfloat'
c:\users\zaina\desktop\2nd time\polygons with glut\polygons with glut\main.cpp(130): warning C4305: 'argument': truncation from 'double' to 'GLfloat'
c:\users\zaina\desktop\2nd time\polygons with glut\polygons with glut\main.cpp(131): warning C4305: 'argument': truncation from 'double' to 'GLfloat'
c:\users\zaina\desktop\2nd time\polygons with glut\polygons with glut\main.cpp(132): warning C4305: 'argument': truncation from 'double' to 'GLfloat'
c:\users\zaina\desktop\2nd time\polygons with glut\polygons with glut\main.cpp(133): warning C4305: 'argument': truncation from 'double' to 'GLfloat'
c:\users\zaina\desktop\2nd time\polygons with glut\polygons with glut\main.cpp(134): warning C4305: 'argument': truncation from 'double' to 'GLfloat'
c:\users\zaina\desktop\2nd time\polygons with glut\polygons with glut\main.cpp(135): warning C4305: 'argument': truncation from 'double' to 'GLfloat'
c:\users\zaina\desktop\2nd time\polygons with glut\polygons with glut\main.cpp(136): warning C4305: 'argument': truncation from 'double' to 'GLfloat'
c:\users\zaina\desktop\2nd time\polygons with glut\polygons with glut\main.cpp(137): warning C4305: 'argument': truncation from 'double' to 'GLfloat'
c:\users\zaina\desktop\2nd time\polygons with glut\polygons with glut\main.cpp(138): warning C4305: 'argument': truncation from 'double' to 'GLfloat'
c:\users\zaina\desktop\2nd time\polygons with glut\polygons with glut\main.cpp(139): warning C4305: 'argument': truncation from 'double' to 'GLfloat'
c:\users\zaina\desktop\2nd time\polygons with glut\polygons with glut\main.cpp(140): warning C4305: 'argument': truncation from 'double' to 'GLfloat'
c:\users\zaina\desktop\2nd time\polygons with glut\polygons with glut\main.cpp(148): warning C4305: 'argument': truncation from 'double' to 'GLfloat'
c:\users\zaina\desktop\2nd time\polygons with glut\polygons with glut\main.cpp(149): warning C4305: 'argument': truncation from 'double' to 'GLfloat'
c:\users\zaina\desktop\2nd time\polygons with glut\polygons with glut\main.cpp(150): warning C4305: 'argument': truncation from 'double' to 'GLfloat'
c:\users\zaina\desktop\2nd time\polygons with glut\polygons with glut\main.cpp(151): warning C4305: 'argument': truncation from 'double' to 'GLfloat'
c:\users\zaina\desktop\2nd time\polygons with glut\polygons with glut\main.cpp(152): warning C4305: 'argument': truncation from 'double' to 'GLfloat'
c:\users\zaina\desktop\2nd time\polygons with glut\polygons with glut\main.cpp(153): warning C4305: 'argument': truncation from 'double' to 'GLfloat'
c:\users\zaina\desktop\2nd time\polygons with glut\polygons with glut\main.cpp(154): warning C4305: 'argument': truncation from 'double' to 'GLfloat'
c:\users\zaina\desktop\2nd time\polygons with glut\polygons with glut\main.cpp(155): warning C4305: 'argument': truncation from 'double' to 'GLfloat'
c:\users\zaina\desktop\2nd time\polygons with glut\polygons with glut\main.cpp(160): warning C4305: 'argument': truncation from 'double' to 'GLfloat'
c:\users\zaina\desktop\2nd time\polygons with glut\polygons with glut\main.cpp(161): warning C4305: 'argument': truncation from 'double' to 'GLfloat'
c:\users\zaina\desktop\2nd time\polygons with glut\polygons with glut\main.cpp(162): warning C4305: 'argument': truncation from 'double' to 'GLfloat'
c:\users\zaina\desktop\2nd time\polygons with glut\polygons with glut\main.cpp(163): warning C4305: 'argument': truncation from 'double' to 'GLfloat'
c:\users\zaina\desktop\2nd time\polygons with glut\polygons with glut\main.cpp(164): warning C4305: 'argument': truncation from 'double' to 'GLfloat'
c:\users\zaina\desktop\2nd time\polygons with glut\polygons with glut\main.cpp(165): warning C4305: 'argument': truncation from 'double' to 'GLfloat'
c:\users\zaina\desktop\2nd time\polygons with glut\polygons with glut\main.cpp(166): warning C4305: 'argument': truncation from 'double' to 'GLfloat'
c:\users\zaina\desktop\2nd time\polygons with glut\polygons with glut\main.cpp(167): warning C4305: 'argument': truncation from 'double' to 'GLfloat'
c:\users\zaina\desktop\2nd time\polygons with glut\polygons with glut\main.cpp(168): warning C4305: 'argument': truncation from 'double' to 'GLfloat'
c:\users\zaina\desktop\2nd time\polygons with glut\polygons with glut\main.cpp(169): warning C4305: 'argument': truncation from 'double' to 'GLfloat'
c:\users\zaina\desktop\2nd time\polygons with glut\polygons with glut\main.cpp(170): warning C4305: 'argument': truncation from 'double' to 'GLfloat'
c:\users\zaina\desktop\2nd time\polygons with glut\polygons with glut\main.cpp(171): warning C4305: 'argument': truncation from 'double' to 'GLfloat'
c:\users\zaina\desktop\2nd time\polygons with glut\polygons with glut\main.cpp(172): warning C4305: 'argument': truncation from 'double' to 'GLfloat'
c:\users\zaina\desktop\2nd time\polygons with glut\polygons with glut\main.cpp(173): warning C4305: 'argument': truncation from 'double' to 'GLfloat'
c:\users\zaina\desktop\2nd time\polygons with glut\polygons with glut\main.cpp(174): warning C4305: 'argument': truncation from 'double' to 'GLfloat'
c:\users\zaina\desktop\2nd time\polygons with glut\polygons with glut\main.cpp(175): warning C4305: 'argument': truncation from 'double' to 'GLfloat'
c:\users\zaina\desktop\2nd time\polygons with glut\polygons with glut\main.cpp(181): warning C4305: 'initializing': truncation from 'double' to 'GLfloat'
c:\users\zaina\desktop\2nd time\polygons with glut\polygons with glut\main.cpp(182): warning C4305: 'initializing': truncation from 'double' to 'GLfloat'
c:\users\zaina\desktop\2nd time\polygons with glut\polygons with glut\main.cpp(185): warning C4305: 'initializing': truncation from 'double' to 'GLfloat'
c:\users\zaina\desktop\2nd time\polygons with glut\polygons with glut\main.cpp(198): warning C4305: '=': truncation from 'double' to 'GLfloat'
c:\users\zaina\desktop\2nd time\polygons with glut\polygons with glut\main.cpp(199): warning C4305: '=': truncation from 'double' to 'GLfloat'
c:\users\zaina\desktop\2nd time\polygons with glut\polygons with glut\main.cpp(203): warning C4305: 'argument': truncation from 'int' to 'GLubyte'
c:\users\zaina\desktop\2nd time\polygons with glut\polygons with glut\main.cpp(203): warning C4309: 'argument': truncation of constant value
c:\users\zaina\desktop\2nd time\polygons with glut\polygons with glut\main.cpp(206): warning C4244: 'argument': conversion from 'double' to 'GLfloat', possible loss of data
  Polygons with Glut.vcxproj -> C:\Users\zaina\Desktop\2nd Time\Polygons with Glut\Debug\Polygons with Glut.exe
